2026-03-27 11:44:27,171 - SOAT - GKG48G - FALLÓ
2026-03-27 11:44:32,236 - SOAT - BCE87F - FALLÓ
2026-03-27 11:44:37,300 - SOAT - DDE75F - FALLÓ
2026-03-27 11:44:42,359 - SOAT - GCG05G - FALLÓ
2026-03-27 11:44:47,417 - SOAT - GID48E - FALLÓ
2026-03-27 11:44:52,477 - SOAT - EIQ70G - FALLÓ
2026-03-27 11:44:57,534 - SOAT - DHF37E - FALLÓ
2026-03-27 11:45:02,592 - SOAT - ETI91F - FALLÓ
2026-03-27 11:45:07,655 - SOAT - EMF96F - FALLÓ
2026-03-27 11:45:18,297 - TECNOMECANICA - GVC39F - FALLÓ
2026-03-27 11:45:23,359 - TECNOMECANICA - BCE87F - FALLÓ
2026-03-27 11:45:28,451 - TECNOMECANICA - CRN34F - FALLÓ
2026-03-27 11:45:33,518 - TECNOMECANICA - BMC50G - FALLÓ
2026-03-27 11:45:38,598 - TECNOMECANICA - FWY74G - FALLÓ
2026-03-27 11:45:43,690 - TECNOMECANICA - DDE75F - FALLÓ
2026-03-27 11:45:48,752 - TECNOMECANICA - GID48E - FALLÓ
2026-03-27 11:45:53,812 - TECNOMECANICA - EIQ70G - FALLÓ
2026-03-27 11:45:58,879 - TECNOMECANICA - BSD29F - FALLÓ
2026-03-27 11:46:03,951 - TECNOMECANICA - BSA40F - FALLÓ
2026-03-27 11:46:09,023 - TECNOMECANICA - DHF37E - FALLÓ
2026-03-27 12:46:16,826 - SOAT - GKG48G - FALLÓ
2026-03-27 12:46:21,905 - SOAT - BCE87F - FALLÓ
2026-03-27 12:46:26,973 - SOAT - BCE87F - FALLÓ
2026-03-27 12:46:32,037 - SOAT - DDE75F - FALLÓ
2026-03-27 12:46:37,136 - SOAT - GCG05G - FALLÓ
2026-03-27 12:46:42,197 - SOAT - GID48E - FALLÓ
2026-03-27 12:46:47,260 - SOAT - EIQ70G - FALLÓ
2026-03-27 12:46:52,340 - SOAT - DHF37E - FALLÓ
2026-03-27 12:46:57,478 - SOAT - ETI91F - FALLÓ
2026-03-27 12:47:02,535 - SOAT - EMF96F - FALLÓ
2026-03-27 12:47:13,086 - TECNOMECANICA - GVC39F - FALLÓ
2026-03-27 12:47:18,158 - TECNOMECANICA - BCE87F - FALLÓ
2026-03-27 12:47:23,217 - TECNOMECANICA - BCE87F - FALLÓ
2026-03-27 12:47:28,280 - TECNOMECANICA - CRN34F - FALLÓ
2026-03-27 12:47:33,337 - TECNOMECANICA - BMC50G - FALLÓ
2026-03-27 12:47:38,393 - TECNOMECANICA - FWY74G - FALLÓ
2026-03-27 12:47:43,457 - TECNOMECANICA - DDE75F - FALLÓ
2026-03-27 12:47:48,518 - TECNOMECANICA - GID48E - FALLÓ
2026-03-27 12:47:53,608 - TECNOMECANICA - EIQ70G - FALLÓ
2026-03-27 12:47:58,668 - TECNOMECANICA - BSD29F - FALLÓ
2026-03-27 12:48:03,743 - TECNOMECANICA - BSA40F - FALLÓ
2026-03-27 12:48:08,799 - TECNOMECANICA - DHF37E - FALLÓ
2026-03-27 13:48:17,159 - SOAT - GKG48G - FALLÓ
2026-03-27 13:48:22,218 - SOAT - BCE87F - FALLÓ
2026-03-27 13:48:27,276 - SOAT - BCE87F - FALLÓ
2026-03-27 13:48:32,349 - SOAT - DDE75F - FALLÓ
2026-03-27 13:48:37,417 - SOAT - GCG05G - FALLÓ
2026-03-27 13:48:42,483 - SOAT - GID48E - FALLÓ
2026-03-27 13:48:47,542 - SOAT - EIQ70G - FALLÓ
2026-03-27 13:48:52,608 - SOAT - DHF37E - FALLÓ
2026-03-27 13:48:57,691 - SOAT - ETI91F - FALLÓ
2026-03-27 13:49:02,758 - SOAT - EMF96F - FALLÓ
2026-03-27 13:49:13,268 - TECNOMECANICA - GVC39F - FALLÓ
2026-03-27 13:49:18,326 - TECNOMECANICA - BCE87F - FALLÓ
2026-03-27 13:49:23,401 - TECNOMECANICA - BCE87F - FALLÓ
2026-03-27 13:49:28,464 - TECNOMECANICA - CRN34F - FALLÓ
2026-03-27 13:49:33,536 - TECNOMECANICA - BMC50G - FALLÓ
2026-03-27 13:49:38,595 - TECNOMECANICA - FWY74G - FALLÓ
2026-03-27 13:49:43,669 - TECNOMECANICA - DDE75F - FALLÓ
2026-03-27 13:49:48,732 - TECNOMECANICA - GID48E - FALLÓ
2026-03-27 13:49:53,793 - TECNOMECANICA - EIQ70G - FALLÓ
2026-03-27 13:49:58,854 - TECNOMECANICA - BSD29F - FALLÓ
2026-03-27 13:50:03,924 - TECNOMECANICA - BSA40F - FALLÓ
2026-03-27 13:50:08,998 - TECNOMECANICA - DHF37E - FALLÓ
2026-03-27 15:50:25,732 - SOAT - GKG48G - FALLÓ
2026-03-27 15:50:30,790 - SOAT - BCE87F - FALLÓ
2026-03-27 15:50:35,855 - SOAT - BCE87F - FALLÓ
2026-03-27 15:50:40,928 - SOAT - DDE75F - FALLÓ
2026-03-27 15:50:45,994 - SOAT - GCG05G - FALLÓ
2026-03-27 15:50:51,055 - SOAT - GID48E - FALLÓ
2026-03-27 15:50:56,120 - SOAT - EIQ70G - FALLÓ
2026-03-27 15:51:01,182 - SOAT - DHF37E - FALLÓ
2026-03-27 15:51:06,251 - SOAT - ETI91F - FALLÓ
2026-03-27 15:51:11,319 - SOAT - EMF96F - FALLÓ
2026-03-27 15:51:21,756 - TECNOMECANICA - GVC39F - FALLÓ
2026-03-27 15:51:26,822 - TECNOMECANICA - BCE87F - FALLÓ
2026-03-27 15:51:31,902 - TECNOMECANICA - BCE87F - FALLÓ
2026-03-27 15:51:36,982 - TECNOMECANICA - CRN34F - FALLÓ
2026-03-27 15:51:42,086 - TECNOMECANICA - BMC50G - FALLÓ
2026-03-27 15:51:47,156 - TECNOMECANICA - FWY74G - FALLÓ
2026-03-27 15:51:52,223 - TECNOMECANICA - DDE75F - FALLÓ
2026-03-27 15:51:57,289 - TECNOMECANICA - GID48E - FALLÓ
2026-03-27 15:52:02,369 - TECNOMECANICA - EIQ70G - FALLÓ
2026-03-27 15:52:07,448 - TECNOMECANICA - BSD29F - FALLÓ
2026-03-27 15:52:12,596 - TECNOMECANICA - BSA40F - FALLÓ
2026-03-27 15:52:17,705 - TECNOMECANICA - DHF37E - FALLÓ
